Removed Pin From Net: NetName=NetDD3_1 Pin=DD5-1
Removed Pin From Net: NetName=GND Pin=DD5-3
Removed Pin From Net: NetName=GND Pin=DD5-5
Removed Pin From Net: NetName=NetR26_2 Pin=R26-2
Removed Pin From Net: NetName=NetR26_2 Pin=VT2-G
Removed Pin From Net: NetName=GND Pin=Ń1-N
Removed Pin From Net: NetName=NetDD3_1 Pin=Ń1-P
Removed Pin From Net: NetName=GND Pin=Ń2-N
Removed Pin From Net: NetName=+12V Pin=Ń2-P
Removed Pin From Net: NetName=GND Pin=Ń5-N
Removed Pin From Net: NetName=NetDD3_1 Pin=Ń5-P
Removed Pin From Net: NetName=GND Pin=Ń6-N
Removed Pin From Net: NetName=+3.3V Pin=Ń6-P
Removed Member From Class: ClassName=Power_Management Member=DD5
Removed Member From Class: ClassName=Power_Management Member=Ń1
Removed Member From Class: ClassName=Power_Management Member=Ń2
Removed Member From Class: ClassName=Power_Management Member=Ń5
Removed Member From Class: ClassName=Power_Management Member=Ń6
Removed Member From Class: ClassName=POWER_NET Member=NetC19_2
Removed Member From Class: ClassName=POWER_NET Member=NetDD3_1
Removed Member From Class: ClassName=POWER_NET Member=NetDD5_2
Change Component Designator: OldDesignator=C9 NewDesignator=C8
Change Component Designator: OldDesignator=C10 NewDesignator=C9
Change Component Designator: OldDesignator=C11 NewDesignator=C10
Change Component Designator: OldDesignator=C12 NewDesignator=C11
Change Component Designator: OldDesignator=C13 NewDesignator=C12
Change Component Designator: OldDesignator=C14 NewDesignator=C13
Change Component Designator: OldDesignator=C15 NewDesignator=C14
Change Component Designator: OldDesignator=C16 NewDesignator=C15
Change Component Designator: OldDesignator=C18 NewDesignator=C16
Change Component Designator: OldDesignator=C19 NewDesignator=C20
Change Component Designator: OldDesignator=C20 NewDesignator=C21
Change Component Designator: OldDesignator=C21 NewDesignator=C22
Change Component Designator: OldDesignator=C22 NewDesignator=C23
Change Component Designator: OldDesignator=C23 NewDesignator=C24
Change Component Designator: OldDesignator=C24 NewDesignator=C25
Change Component Designator: OldDesignator=C25 NewDesignator=C28
Change Component Designator: OldDesignator=C26 NewDesignator=C29
Change Component Designator: OldDesignator=C27 NewDesignator=C30
Change Component Designator: OldDesignator=C28 NewDesignator=C31
Change Component Designator: OldDesignator=C29 NewDesignator=C32
Change Component Designator: OldDesignator=C30 NewDesignator=C33
Change Component Designator: OldDesignator=C31 NewDesignator=C34
Change Component Designator: OldDesignator=C32 NewDesignator=C35
Change Component Designator: OldDesignator=C33 NewDesignator=C36
Change Component Designator: OldDesignator=C34 NewDesignator=C37
Change Component Designator: OldDesignator=C35 NewDesignator=C38
Change Component Designator: OldDesignator=C36 NewDesignator=C39
Change Component Designator: OldDesignator=C37 NewDesignator=C40
Change Component Designator: OldDesignator=C38 NewDesignator=C41
Change Component Designator: OldDesignator=C39 NewDesignator=C42
Change Component Designator: OldDesignator=C40 NewDesignator=C43
Change Component Designator: OldDesignator=D3 NewDesignator=D2
Change Component Designator: OldDesignator=D4 NewDesignator=D3
Change Component Designator: OldDesignator=D5 NewDesignator=D4
Change Component Designator: OldDesignator=D6 NewDesignator=D5
Change Component Designator: OldDesignator=D7 NewDesignator=D6
Change Component Designator: OldDesignator=D8 NewDesignator=D7
Change Component Designator: OldDesignator=L6 NewDesignator=L5
Change Component Designator: OldDesignator=L7 NewDesignator=L6
Change Component Designator: OldDesignator=L8 NewDesignator=L7
Change Component Designator: OldDesignator=L9 NewDesignator=L8
Change Component Designator: OldDesignator=L10 NewDesignator=L9
Change Component Designator: OldDesignator=R6 NewDesignator=R4
Change Component Designator: OldDesignator=R7 NewDesignator=R5
Change Component Designator: OldDesignator=R8 NewDesignator=R6
Change Component Designator: OldDesignator=R9 NewDesignator=R7
Change Component Designator: OldDesignator=R10 NewDesignator=R8
Change Component Designator: OldDesignator=R11 NewDesignator=R9
Change Component Designator: OldDesignator=R13 NewDesignator=R11
Change Component Designator: OldDesignator=R14 NewDesignator=R12
Change Component Designator: OldDesignator=R15 NewDesignator=R13
Change Component Designator: OldDesignator=R18 NewDesignator=R10
Change Component Designator: OldDesignator=R19 NewDesignator=R14
Change Component Designator: OldDesignator=R20 NewDesignator=R15
Change Component Designator: OldDesignator=R21 NewDesignator=R16
Change Component Designator: OldDesignator=R22 NewDesignator=R17
Change Component Designator: OldDesignator=R23 NewDesignator=R18
Change Component Designator: OldDesignator=R24 NewDesignator=R19
Change Component Designator: OldDesignator=R25 NewDesignator=R20
Change Component Designator: OldDesignator=R26 NewDesignator=R21
Change Component Designator: OldDesignator=R27 NewDesignator=R22
Change Component Designator: OldDesignator=R28 NewDesignator=R23
Change Component Designator: OldDesignator=R29 NewDesignator=R24
Change Component Designator: OldDesignator=R30 NewDesignator=R25
Change Component Designator: OldDesignator=R31 NewDesignator=R26
Change Component Designator: OldDesignator=R32 NewDesignator=R27
Change Component Designator: OldDesignator=R33 NewDesignator=R28
Change Component Designator: OldDesignator=R34 NewDesignator=R29
Change Component Designator: OldDesignator=R35 NewDesignator=R30
Change Component Designator: OldDesignator=R36 NewDesignator=R31
Change Component Designator: OldDesignator=R37 NewDesignator=R32
Change Component Designator: OldDesignator=VD7 NewDesignator=VD5
Change Component Designator: OldDesignator=VD8 NewDesignator=VD6
Change Component Designator: OldDesignator=VD9 NewDesignator=VD7
Change Component Designator: OldDesignator=VD10 NewDesignator=VD8
Change Component Designator: OldDesignator=VD11 NewDesignator=VD9
Change Component Designator: OldDesignator=VD12 NewDesignator=VD10
Change Component Designator: OldDesignator=VD13 NewDesignator=VD11
Change Component Designator: OldDesignator=VD14 NewDesignator=VD12
Change Component Designator: OldDesignator=VD15 NewDesignator=VD13
Added Component: Designator=C18(CAP_RADIAL_10x20_P5)
Add component (AddParameter): Name = "Manufacturer Part Number"; Value = "JRB2A101M05001000200000B"; VariantName = "[No Variations]"
Add component (AddParameter): Name = "Supplier 1"; Value = "https://www.chipdip.ru/product/100mkf-100v-105-c-20-10x20mm-p-5mm-jb-capacitors-9000565887"; VariantName = "[No Variations]"
Add component (AddParameter): Name = "Temperature"; Value = "105°C"; VariantName = "[No Variations]"
Add component (AddParameter): Name = "Tolerance"; Value = "20%"; VariantName = "[No Variations]"
Add component (AddParameter): Name = "Value"; Value = "100ěęÔ"; VariantName = "[No Variations]"
Add component (AddParameter): Name = "Voltage"; Value = "100Â"; VariantName = "[No Variations]"
Added Component: Designator=C19(CAP_RADIAL_10x20_P5)
Add component (AddParameter): Name = "Manufacturer Part Number"; Value = "JRB1E102M05001000210000B"; VariantName = "[No Variations]"
Add component (AddParameter): Name = "Supplier 1"; Value = "https://www.chipdip.ru/product/1000mkf-25v-105-c-20-10x21mm-p-5mm-jb-capacitors-9000565924"; VariantName = "[No Variations]"
Add component (AddParameter): Name = "Temperature"; Value = "105°C"; VariantName = "[No Variations]"
Add component (AddParameter): Name = "Tolerance"; Value = "20%"; VariantName = "[No Variations]"
Add component (AddParameter): Name = "Value"; Value = "1000ěęÔ"; VariantName = "[No Variations]"
Add component (AddParameter): Name = "Voltage"; Value = "25Â"; VariantName = "[No Variations]"
Added Component: Designator=C26(CAP_RADIAL_10x20_P5)
Add component (AddParameter): Name = "Manufacturer Part Number"; Value = "JRB2A101M05001000200000B"; VariantName = "[No Variations]"
Add component (AddParameter): Name = "Supplier 1"; Value = "https://www.chipdip.ru/product/100mkf-100v-105-c-20-10x20mm-p-5mm-jb-capacitors-9000565887"; VariantName = "[No Variations]"
Add component (AddParameter): Name = "Temperature"; Value = "105°C"; VariantName = "[No Variations]"
Add component (AddParameter): Name = "Tolerance"; Value = "20%"; VariantName = "[No Variations]"
Add component (AddParameter): Name = "Value"; Value = "100ěęÔ"; VariantName = "[No Variations]"
Add component (AddParameter): Name = "Voltage"; Value = "100Â"; VariantName = "[No Variations]"
Added Component: Designator=C27(CAP_RADIAL_10x20_P5)
Add component (AddParameter): Name = "Manufacturer Part Number"; Value = "JRB1E102M05001000210000B"; VariantName = "[No Variations]"
Add component (AddParameter): Name = "Supplier 1"; Value = "https://www.chipdip.ru/product/1000mkf-25v-105-c-20-10x21mm-p-5mm-jb-capacitors-9000565924"; VariantName = "[No Variations]"
Add component (AddParameter): Name = "Temperature"; Value = "105°C"; VariantName = "[No Variations]"
Add component (AddParameter): Name = "Tolerance"; Value = "20%"; VariantName = "[No Variations]"
Add component (AddParameter): Name = "Value"; Value = "1000ěęÔ"; VariantName = "[No Variations]"
Add component (AddParameter): Name = "Voltage"; Value = "25Â"; VariantName = "[No Variations]"
Added Component: Designator=DD4(TO-263-5)
Add component (AddParameter): Name = "Supplier 1"; Value = "https://www.chipdip.ru/product/lm2575hvs-3.3-ponizhayuschiy-dc-dc-preobrazovatel-umw-9001231209"; VariantName = "[No Variations]"
Added Pin To Net: NetName=GND Pin=C18-N
Added Pin To Net: NetName=NetDD3_1 Pin=C18-P
Added Pin To Net: NetName=GND Pin=C19-N
Added Pin To Net: NetName=+12V Pin=C19-P
Added Pin To Net: NetName=GND Pin=C26-N
Added Pin To Net: NetName=NetDD3_1 Pin=C26-P
Added Pin To Net: NetName=GND Pin=C27-N
Added Pin To Net: NetName=+3.3V Pin=C27-P
Add Pin To Net: Unknown Pin: Pin DD3-PAD
Added Pin To Net: NetName=NetDD3_1 Pin=DD4-1
Added Pin To Net: NetName=GND Pin=DD4-3
Added Pin To Net: NetName=GND Pin=DD4-5
Added Pin To Net: NetName=GND Pin=DD4-PAD
Added Pin To Net: NetName=NetR26_2 Pin=R26-2
Add Pin To Net: Unknown Pin: Pin VD8-1
Add Pin To Net: Unknown Pin: Pin VD9-2
Add Pin To Net: Unknown Pin: Pin VD11-1
Add Pin To Net: Unknown Pin: Pin VD11-2
Add Pin To Net: Unknown Pin: Pin VD12-2
Added Pin To Net: NetName=NetR26_2 Pin=VT3-G
Change Net Name : Old Net Name=NetC19_2 New Net Name=NetC20_2
Change Net Name : Old Net Name=NetC23_1 New Net Name=NetC24_1
Change Net Name : Old Net Name=NetC23_2 New Net Name=NetC24_2
Change Net Name : Old Net Name=NetC29_1 New Net Name=NetC32_1
Change Net Name : Old Net Name=NetC29_2 New Net Name=NetC32_2
Change Net Name : Old Net Name=NetC31_P New Net Name=NetC34_P
Change Net Name : Old Net Name=NetC33_2 New Net Name=NetC36_2
Change Net Name : Old Net Name=NetC34_1 New Net Name=NetC37_1
Change Net Name : Old Net Name=NetC34_2 New Net Name=NetC37_2
Change Net Name : Old Net Name=NetC36_P New Net Name=NetC39_P
Change Net Name : Old Net Name=NetD4_2 New Net Name=NetD3_2
Change Net Name : Old Net Name=NetD4_5 New Net Name=NetD3_5
Change Net Name : Old Net Name=NetD4_7 New Net Name=NetD3_7
Change Net Name : Old Net Name=NetD5_1 New Net Name=NetD4_1
Change Net Name : Old Net Name=NetD5_4 New Net Name=NetD4_4
Change Net Name : Old Net Name=NetD5_6 New Net Name=NetD4_6
Change Net Name : Old Net Name=NetD6_1 New Net Name=NetD5_1
Change Net Name : Old Net Name=NetD7_5 New Net Name=NetD6_5
Change Net Name : Old Net Name=NetD7_7 New Net Name=NetD6_7
Change Net Name : Old Net Name=NetDD3_1 New Net Name=NetC18_P
Change Net Name : Old Net Name=NetR9_2 New Net Name=NetR7_2
Change Net Name : Old Net Name=NetR20_2 New Net Name=NetR15_2
Change Net Name : Old Net Name=NetR21_2 New Net Name=NetR16_2
Change Net Name : Old Net Name=NetR30_2 New Net Name=NetR25_2
Added Pin To Net: NetName=NetDD4_2 Pin=DD4-2
Added Pin To Net: NetName=NetDD4_2 Pin=L4-1
Added Pin To Net: NetName=NetDD4_2 Pin=VD6-2
Added Net: Name=NetDD4_2
Added Pin To Net: NetName=NetDD4_4 Pin=DD4-4
Added Pin To Net: NetName=NetDD4_4 Pin=R10-1
Added Pin To Net: NetName=NetDD4_4 Pin=R14-2
Added Net: Name=NetDD4_4
Added Pin To Net: NetName=NetR17_2 Pin=R17-2
Added Pin To Net: NetName=NetR17_2 Pin=VT1-G
Added Net: Name=NetR17_2
Added Pin To Net: NetName=NetR21_2 Pin=R21-2
Added Pin To Net: NetName=NetR21_2 Pin=VT2-G
Added Net: Name=NetR21_2
Added Pin To Net: NetName=NetR27_2 Pin=R27-2
Added Pin To Net: NetName=NetR27_2 Pin=VT4-G
Added Net: Name=NetR27_2
Added Member To Class: ClassName=Power_Management Member=Component C18 CAP-100ěęÔ-20%-100Â-105°C-Radial
Added Member To Class: ClassName=Power_Management Member=Component C25 CAP-0.1ěęÔ-10%-50Â-X7R-0603
Added Member To Class: ClassName=Power_Management Member=Component C26 CAP-100ěęÔ-20%-100Â-105°C-Radial
Added Member To Class: ClassName=Power_Management Member=Component C27 CAP-1000ěęÔ-20%-25Â-105°C-Radial
Added Member To Class: ClassName=Power_Management Member=Component DD4 LM2575HVS-3.3
Added Member To Class: ClassName=POWER_NET Member=Wire NetC18_P
Added Member To Class: ClassName=POWER_NET Member=Wire NetC20_2
Added Member To Class: ClassName=POWER_NET Member=Wire NetDD4_2
Added Room: Name=Console
Added Room: Name=HV_Piezo_Driver
Added Room: Name=MCU_Control
Added Room: Name=Piezo_Feedback
Added Room: Name=Power_Management
