Removed Pin From Net: NetName=NetD1_6 Pin=R1-1
Removed Pin From Net: NetName=NetD1_7 Pin=R1-2
Add Component: Footprint Not Found IND_SPRH127-101M
Add Component: Footprint Not Found INDPM104104X480N
Add Component: Footprint Not Found INDPM104104X480N
Add Component: Footprint Not Found INDPM104104X480N
Add Component: Footprint Not Found DO-214AC (SMA)
Add Pin To Net: Unknown Pin: Pin DD3-PAD
Add Pin To Net: Unknown Pin: Pin DD4-PAD
Add Pin To Net: Unknown Pin: Pin DD5-PAD
Add Pin To Net: Unknown Pin: Pin L2-1
Add Pin To Net: Unknown Pin: Pin L2-2
Add Pin To Net: Unknown Pin: Pin L3-1
Add Pin To Net: Unknown Pin: Pin L3-2
Add Pin To Net: Unknown Pin: Pin L4-1
Add Pin To Net: Unknown Pin: Pin L4-2
Add Pin To Net: Unknown Pin: Pin L5-1
Add Pin To Net: Unknown Pin: Pin L5-2
Added Pin To Net: NetName=A Pin=R1-1
Added Pin To Net: NetName=B Pin=R1-2
Add Pin To Net: Unknown Pin: Pin VD1-1
Add Pin To Net: Unknown Pin: Pin VD1-2
Add Pin To Net: Unknown Pin: Pin VD3-1
Add Pin To Net: Unknown Pin: Pin VD3-2
Add Pin To Net: Unknown Pin: Pin VD10-1
Add Pin To Net: Unknown Pin: Pin VD10-2
Add Pin To Net: Unknown Pin: Pin VD11-1
Add Pin To Net: Unknown Pin: Pin VD11-2
Add Pin To Net: Unknown Pin: Pin VD13-1
Add Pin To Net: Unknown Pin: Pin VD13-2
Add Pin To Net: Unknown Pin: Pin VD14-1
Add Pin To Net: Unknown Pin: Pin VD14-2
Add Pin To Net: Unknown Pin: Pin X5-1
Add Pin To Net: Unknown Pin: Pin X5-2
Add Class Member: Failed to add class member : Component L2 SPRH127-101M
Add Class Member: Failed to add class member : Component L3 100́êĂí
Add Class Member: Failed to add class member : Component L4 100́êĂí
Add Class Member: Failed to add class member : Component L5 100́êĂí
Add Class Member: Failed to add class member : Component VD1 B340A-E3/61T
Add Class Member: Failed to add class member : Component X5 DG308-2.54-02P
