Change Component Designator: OldDesignator=VD? NewDesignator=VD1
Add Component: Footprint Not Found INDPM104104X480N
Add Component: Footprint Not Found INDPM104104X480N
Add Component: Footprint Not Found INDPM104104X480N
Add Pin To Net: Unknown Pin: Pin DD3-PAD
Add Pin To Net: Unknown Pin: Pin DD4-PAD
Add Pin To Net: Unknown Pin: Pin DD5-PAD
Add Pin To Net: Unknown Pin: Pin L3-1
Add Pin To Net: Unknown Pin: Pin L3-2
Add Pin To Net: Unknown Pin: Pin L4-1
Add Pin To Net: Unknown Pin: Pin L4-2
Add Pin To Net: Unknown Pin: Pin L5-1
Add Pin To Net: Unknown Pin: Pin L5-2
Add Pin To Net: Unknown Pin: Pin VD3-1
Add Pin To Net: Unknown Pin: Pin VD3-2
Add Pin To Net: Unknown Pin: Pin VD10-1
Add Pin To Net: Unknown Pin: Pin VD10-2
Add Pin To Net: Unknown Pin: Pin VD11-1
Add Pin To Net: Unknown Pin: Pin VD11-2
Add Pin To Net: Unknown Pin: Pin VD13-1
Add Pin To Net: Unknown Pin: Pin VD13-2
Add Pin To Net: Unknown Pin: Pin VD14-1
Add Pin To Net: Unknown Pin: Pin VD14-2
Add Class Member: Failed to add class member : Component L3 100́êĂí
Add Class Member: Failed to add class member : Component L4 100́êĂí
Add Class Member: Failed to add class member : Component L5 100́êĂí
