Removed Pin From Net: NetName=+12V Pin=VD1-A
Removed Pin From Net: NetName=GND Pin=VD1-C
Removed Member From Class: ClassName=MCU_Control Member=C20
Removed Member From Class: ClassName=MCU_Control Member=C21
Removed Member From Class: ClassName=Power_Management Member=C31
Removed Member From Class: ClassName=Power_Management Member=C34
Removed Member From Class: ClassName=Console Member=C41
Removed Member From Class: ClassName=MCU_Control Member=R14
Removed Member From Class: ClassName=MCU_Control Member=R16
Removed Member From Class: ClassName=MCU_Control Member=R18
Removed Member From Class: ClassName=MCU_Control Member=R21
Removed Member From Class: ClassName=HV_Piezo_Driver Member=R34
Removed Member From Class: ClassName=HV_Piezo_Driver Member=R35
Removed Member From Class: ClassName=MCU_Control Member=R35
Removed Member From Class: ClassName=Power_Management Member=R35
Removed Member From Class: ClassName=HV_Piezo_Driver Member=R36
Removed Member From Class: ClassName=HV_Piezo_Driver Member=R37
Removed Member From Class: ClassName=MCU_Control Member=R37
Removed Member From Class: ClassName=Power_Management Member=R37
Removed Member From Class: ClassName=HV_Piezo_Driver Member=R38
Removed Member From Class: ClassName=Power_Management Member=R38
Removed Member From Class: ClassName=MCU_Control Member=VD3
Removed Member From Class: ClassName=MCU_Control Member=VD6
Removed Member From Class: ClassName=Power_Management Member=VD14
Removed Member From Class: ClassName=HV_Piezo_Driver Member=VD15
Removed Member From Class: ClassName=Power_Management Member=VD15
Removed Member From Class: ClassName=HV_Piezo_Driver Member=X1
Removed Member From Class: ClassName=MCU_Control Member=X6
Removed Member From Class: ClassName=Console Member=X9
Added Pin To Net: NetName=GND Pin=VD1-A
Added Pin To Net: NetName=+12V Pin=VD1-C
Added Member To Class: ClassName=MCU_Control Member=Component C2 CAP-0.1ěęÔ-10%-25Â-X7R-0402
Added Member To Class: ClassName=MCU_Control Member=Component C4 CAP-10 ďÔ-5%-50 Â-NP0-0402
Added Member To Class: ClassName=MCU_Control Member=Component C5 CAP-10 ďÔ-5%-50 Â-NP0-0402
Added Member To Class: ClassName=MCU_Control Member=Component C6 CAP-4.7íÔ-5%-50Â-C0G-0805
Added Member To Class: ClassName=MCU_Control Member=Component C7 CAP-2.2 ěęÔ-10%-25 Â-X5R-0603
Added Member To Class: ClassName=MCU_Control Member=Component C8 CAP-2.2 ěęÔ-10%-25 Â-X5R-0603
Added Member To Class: ClassName=MCU_Control Member=Component C9 CAP-2.2 ěęÔ-10%-25 Â-X5R-0603
Added Member To Class: ClassName=MCU_Control Member=Component C10 CAP-0.47 ěęÔ-10%-25 Â-X5R-0402
Added Member To Class: ClassName=MCU_Control Member=Component C11 CAP-0.47 ěęÔ-10%-25 Â-X5R-0402
Added Member To Class: ClassName=MCU_Control Member=Component C12 CAP-0.47 ěęÔ-10%-25 Â-X5R-0402
Added Member To Class: ClassName=MCU_Control Member=Component C15 CAP-0.47 ěęÔ-10%-25 Â-X5R-0402
Added Member To Class: ClassName=MCU_Control Member=Component C16 CAP-0.47 ěęÔ-10%-25 Â-X5R-0402
Added Member To Class: ClassName=MCU_Control Member=Component C17 CAP-0.47 ěęÔ-10%-25 Â-X5R-0402
Added Member To Class: ClassName=Power_Management Member=Component C22 CAP-10 ěęÔ-10%-50 Â-X5R-1206
Added Member To Class: ClassName=Power_Management Member=Component C23 CAP-10 ěęÔ-10%-50 Â-X5R-1206
Added Member To Class: ClassName=Power_Management Member=Component C24 CAP-10 ěęÔ-10%-50 Â-X5R-1206
Added Member To Class: ClassName=Power_Management Member=Component C25 CAP-10 ěęÔ-10%-50 Â-X5R-1206
Added Member To Class: ClassName=Power_Management Member=Component C27 CAP-0.1ěęÔ-10%-50Â-X7R-0603
Added Member To Class: ClassName=Power_Management Member=Component C28 CAP-100ěęÔ-20%-100Â-105°C-Radial
Added Member To Class: ClassName=Power_Management Member=Component C29 CAP-1000ěęÔ-20%-25Â-105°C-Radial
Added Member To Class: ClassName=HV_Piezo_Driver Member=Component C30 CAP-100ěęÔ-20%-200Â-105°C-Radial
Added Member To Class: ClassName=HV_Piezo_Driver Member=Component C32 CAP-100ěęÔ-20%-200Â-105°C-Radial
Added Member To Class: ClassName=HV_Piezo_Driver Member=Component C33 CAP-0.1ěęÔ-10%-50Â-X7R-0603
Added Member To Class: ClassName=HV_Piezo_Driver Member=Component C35 CAP-0.1ěęÔ-10%-50Â-X7R-0603
Added Member To Class: ClassName=HV_Piezo_Driver Member=Component C36 CAP-10ěęÔ-20%-250Â-105°C-Radial
Added Member To Class: ClassName=HV_Piezo_Driver Member=Component C38 CAP-0.1ěęÔ-10%-50Â-X7R-0603
Added Member To Class: ClassName=HV_Piezo_Driver Member=Component C39 CAP-0.1ěęÔ-10%-50Â-X7R-0603
Added Member To Class: ClassName=HV_Piezo_Driver Member=Component C40 CAP-0.33ěęÔ-10%-25Â-X7R-0805
Added Member To Class: ClassName=Console Member=Component C44 CAP-0.1 ěęÔ-10%-16 Â-X7R-0603
Added Member To Class: ClassName=MCU_Control Member=Component R1 RES-47 ęÎě-1%-0.1Âň-0603
Added Member To Class: ClassName=MCU_Control Member=Component R2 RES-20 ęÎě-1%-0.1Âň-0603
Added Member To Class: ClassName=MCU_Control Member=Component R3 RES-20 ęÎě-1%-0.1Âň-0603
Added Member To Class: ClassName=MCU_Control Member=Component R4 RES-120 Îě-1%-0.062Âň-0402
Added Member To Class: ClassName=MCU_Control Member=Component R5 RES-4.7 ęÎě-5%-0.062 Âň-0402
Added Member To Class: ClassName=MCU_Control Member=Component R6 RES-27 ęÎě-1%-0.1Âň-0603
Added Member To Class: ClassName=MCU_Control Member=Component R7 RES-220 Îě-1%-0.1Âň-0603
Added Member To Class: ClassName=MCU_Control Member=Component R8 RES-10 ęÎě-0.1%-0.1Âň-0603
Added Member To Class: ClassName=MCU_Control Member=Component R9 RES-0 Îě-5%-0.062 Âň-0402
Added Member To Class: ClassName=Power_Management Member=Component R10 RES-0.02 Îě-1%-3 Âň-2512
Added Member To Class: ClassName=Power_Management Member=Component R11 RES-0 Îě-5%-0.062 Âň-0402
Added Member To Class: ClassName=Power_Management Member=Component R12 RES-Íĺ ďŕ˙ňü-----0402
Added Member To Class: ClassName=Power_Management Member=Component R13 RES-3.01 ęÎě-1%-0.125Âň-0805
Added Member To Class: ClassName=Power_Management Member=Component R15 RES-4.7 Îě-5%-0.062 Âň-0402
Added Member To Class: ClassName=Power_Management Member=Component R17 RES-4.7ęÎě-5%-0.062Âň-0402
Added Member To Class: ClassName=Power_Management Member=Component R19 RES-4.7ęÎě-5%-0.062Âň-0402
Added Member To Class: ClassName=Power_Management Member=Component R20 RES-Íĺ ďŕ˙ňü-----0402
Added Member To Class: ClassName=HV_Piezo_Driver Member=Component R22 RES-1 Îě-5%-0.25Âň-1206
Added Member To Class: ClassName=HV_Piezo_Driver Member=Component R23 RES-33 Îě-5%-0,25Âň-1206
Added Member To Class: ClassName=HV_Piezo_Driver Member=Component R24 RES-820 Îě-5%-0.25Âň-1206
Added Member To Class: ClassName=HV_Piezo_Driver Member=Component R25 RES-820 Îě-5%-0.25Âň-1206
Added Member To Class: ClassName=HV_Piezo_Driver Member=Component R26 RES-390 Îě-5%-250ěÂň-0603
Added Member To Class: ClassName=HV_Piezo_Driver Member=Component R27 RES-33 Îě-5%-0,25Âň-1206
Added Member To Class: ClassName=HV_Piezo_Driver Member=Component R28 RES-390 Îě-5%-250ěÂň-0603
Added Member To Class: ClassName=HV_Piezo_Driver Member=Component R29 RES-390 Îě-5%-250ěÂň-0603
Added Member To Class: ClassName=HV_Piezo_Driver Member=Component R30 RES-10 ęÎě-5%-0.1Âň-0603
Added Member To Class: ClassName=HV_Piezo_Driver Member=Component R31 RES-1 Îě-5%-0.25Âň-1206
Added Member To Class: ClassName=HV_Piezo_Driver Member=Component R32 RES-33 Îě-5%-0,25Âň-1206
Added Member To Class: ClassName=MCU_Control Member=Component VD1 Ä814Ä
Added Member To Class: ClassName=MCU_Control Member=Component VD2 BAV199
Added Member To Class: ClassName=Power_Management Member=Component VD4 KP-2012SYC
Added Member To Class: ClassName=Power_Management Member=Component VD5 SMBJ36A
Added Member To Class: ClassName=Power_Management Member=Component VD7 KP-2012HD
Added Member To Class: ClassName=Power_Management Member=Component VD8 1N5819W
Added Member To Class: ClassName=HV_Piezo_Driver Member=Component VD9 STTH2R06A
Added Member To Class: ClassName=HV_Piezo_Driver Member=Component VD10 SMAJ12CA
Added Member To Class: ClassName=HV_Piezo_Driver Member=Component VD11 SMAJ12CA
Added Member To Class: ClassName=HV_Piezo_Driver Member=Component VD12 STTH2R06A
Added Member To Class: ClassName=HV_Piezo_Driver Member=Component VD13 SMAJ12CA
Added Member To Class: ClassName=MCU_Control Member=Component X1 DG308-2.54-03P
Added Member To Class: ClassName=MCU_Control Member=Component X2 DG308-2.54-03P
Added Member To Class: ClassName=MCU_Control Member=Component X3 DG308-2.54-03P
Added Member To Class: ClassName=MCU_Control Member=Component X4 DS1021-1x5
Added Member To Class: ClassName=MCU_Control Member=Component X5 DS1021-1x5
Added Member To Class: ClassName=HV_Piezo_Driver Member=Component X7 DG127-5.08-02P
Added Member To Class: ClassName=HV_Piezo_Driver Member=Component X8 DG308-2.54-02P
Added Member To Class: ClassName=Console Member=Component X10 105450-0101
