Removed Pin From Net: NetName=pwr_in Pin=D3-11
Removed Pin From Net: NetName=pwr_in Pin=VD1-A
Removed Pin From Net: NetName=pwr_in Pin=X5-1
Add Component: Footprint Not Found INDPM104104X480N
Add Component: Footprint Not Found INDPM104104X480N
Add Component: Footprint Not Found INDPM104104X480N
Add Pin To Net: Unknown Pin: Pin DD3-PAD
Add Pin To Net: Unknown Pin: Pin DD4-PAD
Add Pin To Net: Unknown Pin: Pin DD5-PAD
Add Pin To Net: Unknown Pin: Pin L3-1
Add Pin To Net: Unknown Pin: Pin L3-2
Add Pin To Net: Unknown Pin: Pin L4-1
Add Pin To Net: Unknown Pin: Pin L4-2
Add Pin To Net: Unknown Pin: Pin L5-1
Add Pin To Net: Unknown Pin: Pin L5-2
Add Pin To Net: Unknown Pin: Pin VD3-1
Add Pin To Net: Unknown Pin: Pin VD3-2
Add Pin To Net: Unknown Pin: Pin VD10-1
Add Pin To Net: Unknown Pin: Pin VD10-2
Add Pin To Net: Unknown Pin: Pin VD11-1
Add Pin To Net: Unknown Pin: Pin VD11-2
Add Pin To Net: Unknown Pin: Pin VD13-1
Add Pin To Net: Unknown Pin: Pin VD13-2
Add Pin To Net: Unknown Pin: Pin VD14-1
Add Pin To Net: Unknown Pin: Pin VD14-2
Change Net Name : Old Net Name=pwr_in New Net Name=NetC21_2
Added Pin To Net: NetName=pwr_in Pin=D3-11
Added Pin To Net: NetName=pwr_in Pin=VD1-A
Added Pin To Net: NetName=pwr_in Pin=X5-1
Added Net: Name=pwr_in
Add Class Member: Failed to add class member : Component L3 100́êĂí
Add Class Member: Failed to add class member : Component L4 100́êĂí
Add Class Member: Failed to add class member : Component L5 100́êĂí
Added Member To Class: ClassName=Power_Management Member=Component VD1 B340A-E3/61T
Added Room: Name=Power_Management
