Removed Member From Class: ClassName=Power_Management Member=C16
Removed Member From Class: ClassName=Power_Management Member=C28
Removed Member From Class: ClassName=Power_Management Member=C30
Removed Member From Class: ClassName=Power_Management Member=C32
Removed Member From Class: ClassName=HV_Piezo_Driver Member=C42
Removed Member From Class: ClassName=Console Member=D6
Removed Member From Class: ClassName=Power_Management Member=L5
Removed Member From Class: ClassName=HV_Piezo_Driver Member=R10
Removed Member From Class: ClassName=HV_Piezo_Driver Member=R15
Removed Member From Class: ClassName=Console Member=R23
Removed Member From Class: ClassName=Console Member=R25
Removed Member From Class: ClassName=Console Member=R27
Added Component: Designator=DD3(TO-263-5)
Add component (AddParameter): Name = "Supplier 1"; Value = "https://www.chipdip.ru/product/lm2575hvr-12-ponizhayuschiy-dc-dc-preobrazovatel-uvh-do-htc-9001087020"; VariantName = "[No Variations]"
Added Pin To Net: NetName=NetC18_P Pin=DD3-1
Added Pin To Net: NetName=NetDD3_2 Pin=DD3-2
Added Pin To Net: NetName=GND Pin=DD3-3
Added Pin To Net: NetName=NetDD3_4 Pin=DD3-4
Added Pin To Net: NetName=GND Pin=DD3-5
Added Pin To Net: NetName=GND Pin=DD3-PAD
Add Pin To Net: Unknown Pin: Pin VD8-1
Add Pin To Net: Unknown Pin: Pin VD8-2
Add Pin To Net: Unknown Pin: Pin VD9-1
Add Pin To Net: Unknown Pin: Pin VD9-2
Add Pin To Net: Unknown Pin: Pin VD11-1
Add Pin To Net: Unknown Pin: Pin VD11-2
Add Pin To Net: Unknown Pin: Pin VD12-1
Add Pin To Net: Unknown Pin: Pin VD12-2
Added Member To Class: ClassName=MCU_Control Member=Component C9 CAP-0.47 žÍ‘-10%-25 ¬-X5R-0402
Added Member To Class: ClassName=MCU_Control Member=Component C11 CAP-0.47 žÍ‘-10%-25 ¬-X5R-0402
Added Member To Class: ClassName=MCU_Control Member=Component C13 CAP-0.47 žÍ‘-10%-25 ¬-X5R-0402
Added Member To Class: ClassName=MCU_Control Member=Component C15 CAP-0.47 žÍ‘-10%-25 ¬-X5R-0402
Added Member To Class: ClassName=Power_Management Member=Component C18 CAP-100žÍ‘-20%-100¬-105įC-Radial
Added Member To Class: ClassName=Power_Management Member=Component C19 CAP-1000žÍ‘-20%-25¬-105įC-Radial
Added Member To Class: ClassName=Power_Management Member=Component C21 CAP-10 žÍ‘-10%-50 ¬-X5R-1206
Added Member To Class: ClassName=Power_Management Member=Component C23 CAP-10 žÍ‘-10%-50 ¬-X5R-1206
Added Member To Class: ClassName=Power_Management Member=Component C25 CAP-0.1žÍ‘-10%-50¬-X7R-0603
Added Member To Class: ClassName=Power_Management Member=Component C26 CAP-100žÍ‘-20%-100¬-105įC-Radial
Added Member To Class: ClassName=Power_Management Member=Component C27 CAP-1000žÍ‘-20%-25¬-105įC-Radial
Added Member To Class: ClassName=HV_Piezo_Driver Member=Component C29 CAP-100žÍ‘-20%-200¬-105įC-Radial
Added Member To Class: ClassName=HV_Piezo_Driver Member=Component C31 CAP-0.1žÍ‘-10%-50¬-X7R-0603
Added Member To Class: ClassName=HV_Piezo_Driver Member=Component C33 CAP-0.1žÍ‘-10%-50¬-X7R-0603
Added Member To Class: ClassName=HV_Piezo_Driver Member=Component C35 CAP-10žÍ‘-20%-250¬-105įC-Radial
Added Member To Class: ClassName=HV_Piezo_Driver Member=Component C37 CAP-0.33žÍ‘-10%-25¬-X7R-0805
Added Member To Class: ClassName=HV_Piezo_Driver Member=Component C39 CAP-10žÍ‘-20%-250¬-105įC-Radial
Added Member To Class: ClassName=HV_Piezo_Driver Member=Component D4 HCPL2731SD
Added Member To Class: ClassName=HV_Piezo_Driver Member=Component D5 FOD817BSD
Added Member To Class: ClassName=Console Member=Component D7 CP2104
Added Member To Class: ClassName=Power_Management Member=Component DD3 LM2575HVR-12
Added Member To Class: ClassName=HV_Piezo_Driver Member=Component L6 SPRH127-221M
Added Member To Class: ClassName=HV_Piezo_Driver Member=Component L8 SPRH127-221M
Added Member To Class: ClassName=Power_Management Member=Component R14 RES-ÕŚ ÔŗˇÚŁ-----0402
Added Member To Class: ClassName=HV_Piezo_Driver Member=Component R18 RES-820 őž-5%-0.25¬Ú-1206
Added Member To Class: ClassName=HV_Piezo_Driver Member=Component R20 RES-390 őž-5%-250ž¬Ú-0603
Added Member To Class: ClassName=HV_Piezo_Driver Member=Component R22 RES-390 őž-5%-250ž¬Ú-0603
Added Member To Class: ClassName=HV_Piezo_Driver Member=Component R24 RES-10 Íőž-5%-0.1¬Ú-0603
Added Member To Class: ClassName=HV_Piezo_Driver Member=Component R26 RES-33 őž-5%-0,25¬Ú-1206
Added Member To Class: ClassName=Console Member=Component R28 RES-24 Íőž-1%-0.1 ¬Ú-0603
Added Member To Class: ClassName=Console Member=Component R30 RES-4.7 Íőž-1%-0.1 ¬Ú-0603
Added Member To Class: ClassName=Console Member=Component R32 RES-5.1 Íőž-1%-0.1 ¬Ú-0603
Added Member To Class: ClassName=HV_Piezo_Driver Member=Component VD11 SMAJ12CA
Added Member To Class: ClassName=Power_Management Member=Component X5 DG308-2.54-02P
Added Room: Name=Console
Added Room: Name=HV_Piezo_Driver
Added Room: Name=MCU_Control
Added Room: Name=Piezo_Feedback
Added Room: Name=Power_Management
