Removed Pin From Net: NetName=+3.3V Pin=C3-2
Removed Pin From Net: NetName=RCC_OSC_IN Pin=C4-2
Removed Pin From Net: NetName=RCC_OSC_OUT Pin=C5-2
Removed Pin From Net: NetName=MCU_RESET Pin=C6-2
Removed Pin From Net: NetName=VCAP_2 Pin=C7-2
Removed Pin From Net: NetName=GND Pin=C8-1
Removed Pin From Net: NetName=VCAP_1 Pin=C8-2
Removed Pin From Net: NetName=GND Pin=D2-4
Removed Pin From Net: NetName=+3.3V Pin=D2-8
Removed Pin From Net: NetName=GND Pin=D2-PAD
Removed Pin From Net: NetName=+3.3V Pin=R3-2
Removed Pin From Net: NetName=MCU_RESET Pin=R4-1
Removed Pin From Net: NetName=+3.3V Pin=R4-2
Removed Pin From Net: NetName=GND Pin=R5-1
Removed Pin From Net: NetName=STM_BOOT0 Pin=R5-2
Change Component Footprint: Designator=C5 Old Footprint=CAP-0402 New Footprint=CAP-0603
Change Component Comment : Designator=C3 Old Comment=CAP-0.1ÏÍ‘-10%-25¬-X7R-0402 New Comment=CAP-10 Ô‘-5%-50 ¬-NP0-0402
Change Component Comment : Designator=C5 Old Comment=CAP-10 Ô‘-5%-50 ¬-NP0-0402 New Comment=CAP-2.2 ÏÍ‘-10%-25 ¬-X5R-0603
Change Component Comment : Designator=R3 Old Comment=RES-4.7 ÍŒÏ-5%-0.062 ¬Ú-0402 New Comment=RES-0 ŒÏ-5%-0.062 ¬Ú-0402
Change component parameters: Designator = "C3" ("C3"); Footprint = "CAP-0402"; UniqueID = "\CILAILHK" ("\CILAILHK")
Change component parameters (AddParameter): Name = "Manufacturer Part Number"; Value = "GRM1535C1H100JDD5D"; VariantName = "[No Variations]"
Change component parameters (AddParameter): Name = "Supplier 1"; Value = "https://www.chipdip.ru/product/grm1535c1h100j"; VariantName = "[No Variations]"
Change component parameters (AddParameter): Name = "Temperature"; Value = "NP0"; VariantName = "[No Variations]"
Change component parameters (AddParameter): Name = "Tolerance"; Value = "5%"; VariantName = "[No Variations]"
Change component parameters (AddParameter): Name = "Value"; Value = "10 Ô‘"; VariantName = "[No Variations]"
Change component parameters (AddParameter): Name = "Voltage"; Value = "50 ¬"; VariantName = "[No Variations]"
Change component parameters: Designator = "C5" ("C5"); Footprint = "CAP-0402"; UniqueID = "\BGNOCZYM" ("\BGNOCZYM")
Change component parameters (AddParameter): Name = "Manufacturer Part Number"; Value = "GRM188R61E225KA12D"; VariantName = "[No Variations]"
Change component parameters (AddParameter): Name = "Supplier 1"; Value = "https://www.chipdip.ru/product/grm188r61e225ka12d-murata"; VariantName = "[No Variations]"
Change component parameters (AddParameter): Name = "Temperature"; Value = "X5R"; VariantName = "[No Variations]"
Change component parameters (AddParameter): Name = "Tolerance"; Value = "10%"; VariantName = "[No Variations]"
Change component parameters (AddParameter): Name = "Value"; Value = "2.2 ÏÍ‘"; VariantName = "[No Variations]"
Change component parameters (AddParameter): Name = "Voltage"; Value = "25 ¬"; VariantName = "[No Variations]"
Change component parameters: Designator = "R3" ("R3"); Footprint = "RES-0402"; UniqueID = "\THHBYKZA" ("\THHBYKZA")
Change component parameters (AddParameter): Name = "Manufacturer Part Number"; Value = "RC0402JR-070RL"; VariantName = "[No Variations]"
Change component parameters (AddParameter): Name = "Power"; Value = "0.062 ¬Ú"; VariantName = "[No Variations]"
Change component parameters (AddParameter): Name = "Supplier 1"; Value = "https://www.chipdip.ru/product/0.062w-0402-0-om-5"; VariantName = "[No Variations]"
Change component parameters (AddParameter): Name = "Tolerance"; Value = "5%"; VariantName = "[No Variations]"
Change component parameters (AddParameter): Name = "Value"; Value = "0 ŒÏ"; VariantName = "[No Variations]"
Add Component: Footprint Not Found IND_SPRH127-101M
Add Component: Footprint Not Found INDPM104104X480N
Add Component: Footprint Not Found INDPM104104X480N
Add Component: Footprint Not Found INDPM104104X480N
Add Component: Footprint Not Found DO-214AC (SMA)
Added Pin To Net: NetName=RCC_OSC_IN Pin=C3-2
Added Pin To Net: NetName=RCC_OSC_OUT Pin=C4-2
Added Pin To Net: NetName=MCU_RESET Pin=C5-2
Added Pin To Net: NetName=VCAP_2 Pin=C6-2
Added Pin To Net: NetName=VCAP_1 Pin=C7-2
Add Pin To Net: Unknown Pin: Pin DD3-PAD
Add Pin To Net: Unknown Pin: Pin DD4-PAD
Add Pin To Net: Unknown Pin: Pin DD5-PAD
Add Pin To Net: Unknown Pin: Pin L2-1
Add Pin To Net: Unknown Pin: Pin L2-2
Add Pin To Net: Unknown Pin: Pin L3-1
Add Pin To Net: Unknown Pin: Pin L3-2
Add Pin To Net: Unknown Pin: Pin L4-1
Add Pin To Net: Unknown Pin: Pin L4-2
Add Pin To Net: Unknown Pin: Pin L5-1
Add Pin To Net: Unknown Pin: Pin L5-2
Added Pin To Net: NetName=MCU_RESET Pin=R2-1
Added Pin To Net: NetName=GND Pin=R3-1
Added Pin To Net: NetName=STM_BOOT0 Pin=R3-2
Add Pin To Net: Unknown Pin: Pin VD1-1
Add Pin To Net: Unknown Pin: Pin VD1-2
Add Pin To Net: Unknown Pin: Pin VD3-1
Add Pin To Net: Unknown Pin: Pin VD3-2
Add Pin To Net: Unknown Pin: Pin VD10-1
Add Pin To Net: Unknown Pin: Pin VD10-2
Add Pin To Net: Unknown Pin: Pin VD11-1
Add Pin To Net: Unknown Pin: Pin VD11-2
Add Pin To Net: Unknown Pin: Pin VD13-1
Add Pin To Net: Unknown Pin: Pin VD13-2
Add Pin To Net: Unknown Pin: Pin VD14-1
Add Pin To Net: Unknown Pin: Pin VD14-2
Add Pin To Net: Unknown Pin: Pin X5-1
Add Pin To Net: Unknown Pin: Pin X5-2
Added Member To Class: ClassName=MCU_Control Member=Component C3 CAP-10 Ô‘-5%-50 ¬-NP0-0402
Added Member To Class: ClassName=MCU_Control Member=Component C4 CAP-10 Ô‘-5%-50 ¬-NP0-0402
Added Member To Class: ClassName=MCU_Control Member=Component C5 CAP-2.2 ÏÍ‘-10%-25 ¬-X5R-0603
Added Member To Class: ClassName=MCU_Control Member=Component C6 CAP-2.2 ÏÍ‘-10%-25 ¬-X5R-0603
Added Member To Class: ClassName=MCU_Control Member=Component C7 CAP-2.2 ÏÍ‘-10%-25 ¬-X5R-0603
Add Class Member: Failed to add class member : Component L2 SPRH127-101M
Add Class Member: Failed to add class member : Component L3 100ÏÍ√Ì
Add Class Member: Failed to add class member : Component L4 100ÏÍ√Ì
Add Class Member: Failed to add class member : Component L5 100ÏÍ√Ì
Added Member To Class: ClassName=MCU_Control Member=Component R2 RES-4.7 ÍŒÏ-5%-0.062 ¬Ú-0402
Added Member To Class: ClassName=MCU_Control Member=Component R3 RES-0 ŒÏ-5%-0.062 ¬Ú-0402
Add Class Member: Failed to add class member : Component VD1 B340A-E3/61T
Add Class Member: Failed to add class member : Component X5 DG308-2.54-02P
Added Member To Class: ClassName=MCU_Control Member=Component Z1 ABM11-25.000MHZ-D2X-T
